<?xml version="1.0" encoding="UTF-8"?>
<!-- Generated by org.testng.reporters.JUnitReportReporter -->
<testsuite skipped="0" hostname="LAPTOP-0A11AR8K" name="samplescripts.SampleScript3" tests="1" failures="0" timestamp="20 Sep 2018 17:05:32 GMT" time="0.004" errors="0">
  <testcase name="test1" time="0.004" classname="samplescripts.SampleScript3"/>
</testsuite> <!-- samplescripts.SampleScript3 -->
